0 info it worked if it ends with ok
1 verbose cli [ 'node', '/usr/local/bin/npm', 'start' ]
2 info using npm@2.7.3
3 info using node@v0.10.29
4 verbose run-script [ 'prestart', 'start', 'poststart' ]
5 info prestart att.webrtc.sample@2.0.0-beta
6 info start att.webrtc.sample@2.0.0-beta
7 verbose unsafe-perm in lifecycle true
8 info att.webrtc.sample@2.0.0-beta Failed to exec start script
9 verbose stack Error: att.webrtc.sample@2.0.0-beta start: `node app.js sandbox`
9 verbose stack Exit status 8
9 verbose stack     at EventEmitter.<anonymous> (/usr/local/lib/node_modules/npm/lib/utils/lifecycle.js:213:16)
9 verbose stack     at EventEmitter.emit (events.js:98:17)
9 verbose stack     at ChildProcess.<anonymous> (/usr/local/lib/node_modules/npm/lib/utils/spawn.js:14:12)
9 verbose stack     at ChildProcess.emit (events.js:98:17)
9 verbose stack     at maybeClose (child_process.js:755:16)
9 verbose stack     at Process.ChildProcess._handle.onexit (child_process.js:822:5)
10 verbose pkgid att.webrtc.sample@2.0.0-beta
11 verbose cwd /Users/hamdi-mac/webrtc-dhs/dist/ewebrtc-sdk-kit_v1.0.0-rc.15.1/node-sample
12 error Darwin 14.1.0
13 error argv "node" "/usr/local/bin/npm" "start"
14 error node v0.10.29
15 error npm  v2.7.3
16 error code ELIFECYCLE
17 error att.webrtc.sample@2.0.0-beta start: `node app.js sandbox`
17 error Exit status 8
18 error Failed at the att.webrtc.sample@2.0.0-beta start script 'node app.js sandbox'.
18 error This is most likely a problem with the att.webrtc.sample package,
18 error not with npm itself.
18 error Tell the author that this fails on your system:
18 error     node app.js sandbox
18 error You can get their info via:
18 error     npm owner ls att.webrtc.sample
18 error There is likely additional logging output above.
19 verbose exit [ 1, true ]
